# JRE version: Java(TM) SE Runtime Environment (21.0.7+8) (build 21.0.7+8-LTS-245)
# Java VM: Java HotSpot(TM) 64-Bit Server VM (21.0.7+8-LTS-245, mixed mode, sharing, tiered, compressed oops, compressed class ptrs, g1 gc, windows-amd64)
GC Precious Log:
 CardTable entry size: 512
 Card Set container configuration: InlinePtr #cards 5 size 8 Array Of Cards #cards 12 size 40 Howl #buckets 4 coarsen threshold 1843 Howl Bitmap #cards 512 size 80 coarsen threshold 460 Card regions per heap region 1 cards per card region 2048
 CPUs: 8 total, 8 available
 Memory: 3899M
 Large Page Support: Disabled
 NUMA Support: Disabled
 Compressed Oops: Enabled (32-bit)
 Heap Region Size: 1M
 Heap Min Capacity: 8M
 Heap Initial Capacity: 62M
 Heap Max Capacity: 976M
 Pre-touch: Disabled
 Parallel Workers: 8
 Concurrent Workers: 2
 Concurrent Refinement Workers: 8
 Periodic GC: Disabled
Heap:
 garbage-first heap   total 55296K, used 40422K [0x00000000c3000000, 0x0000000100000000)
  region size 1024K, 24 young (24576K), 3 survivors (3072K)
 Metaspace       used 41341K, committed 41856K, reserved 1114112K
  class space    used 5344K, committed 5568K, reserved 1048576K
GC Heap History (14 events):
Event: 4.220 GC heap before
{Heap before GC invocations=0 (full 0):
 garbage-first heap   total 63488K, used 24576K [0x00000000c3000000, 0x0000000100000000)
  region size 1024K, 23 young (23552K), 0 survivors (0K)
 Metaspace       used 5224K, committed 5440K, reserved 1114112K
  class space    used 588K, committed 704K, reserved 1048576K
}
Event: 4.235 GC heap after
{Heap after GC invocations=1 (full 0):
 garbage-first heap   total 63488K, used 7675K [0x00000000c3000000, 0x0000000100000000)
  region size 1024K, 3 young (3072K), 3 survivors (3072K)
 Metaspace       used 5224K, committed 5440K, reserved 1114112K
  class space    used 588K, committed 704K, reserved 1048576K
}
Event: 5.700 GC heap before
{Heap before GC invocations=1 (full 0):
 garbage-first heap   total 63488K, used 33275K [0x00000000c3000000, 0x0000000100000000)
  region size 1024K, 29 young (29696K), 3 survivors (3072K)
 Metaspace       used 12341K, committed 12608K, reserved 1114112K
  class space    used 1486K, committed 1600K, reserved 1048576K
}
Event: 5.711 GC heap after
{Heap after GC invocations=2 (full 0):
 garbage-first heap   total 63488K, used 10046K [0x00000000c3000000, 0x0000000100000000)
  region size 1024K, 3 young (3072K), 3 survivors (3072K)
 Metaspace       used 12341K, committed 12608K, reserved 1114112K
  class space    used 1486K, committed 1600K, reserved 1048576K
}
Event: 9.491 GC heap before
{Heap before GC invocations=2 (full 0):
 garbage-first heap   total 63488K, used 41790K [0x00000000c3000000, 0x0000000100000000)
  region size 1024K, 35 young (35840K), 3 survivors (3072K)
 Metaspace       used 19268K, committed 19584K, reserved 1114112K
  class space    used 2320K, committed 2432K, reserved 1048576K
}
Event: 9.503 GC heap after
{Heap after GC invocations=3 (full 0):
 garbage-first heap   total 63488K, used 13545K [0x00000000c3000000, 0x0000000100000000)
  region size 1024K, 5 young (5120K), 5 survivors (5120K)
 Metaspace       used 19268K, committed 19584K, reserved 1114112K
  class space    used 2320K, committed 2432K, reserved 1048576K
}
Event: 12.275 GC heap before
{Heap before GC invocations=3 (full 0):
 garbage-first heap   total 63488K, used 33001K [0x00000000c3000000, 0x0000000100000000)
  region size 1024K, 25 young (25600K), 5 survivors (5120K)
 Metaspace       used 21236K, committed 21504K, reserved 1114112K
  class space    used 2546K, committed 2688K, reserved 1048576K
}
Event: 12.287 GC heap after
{Heap after GC invocations=4 (full 0):
 garbage-first heap   total 63488K, used 15243K [0x00000000c3000000, 0x0000000100000000)
  region size 1024K, 2 young (2048K), 2 survivors (2048K)
 Metaspace       used 21236K, committed 21504K, reserved 1114112K
  class space    used 2546K, committed 2688K, reserved 1048576K
}
Event: 14.773 GC heap before
{Heap before GC invocations=5 (full 0):
 garbage-first heap   total 55296K, used 48011K [0x00000000c3000000, 0x0000000100000000)
  region size 1024K, 35 young (35840K), 2 survivors (2048K)
 Metaspace       used 26965K, committed 27456K, reserved 1114112K
  class space    used 3356K, committed 3584K, reserved 1048576K
}
Event: 14.785 GC heap after
{Heap after GC invocations=6 (full 0):
 garbage-first heap   total 55296K, used 18158K [0x00000000c3000000, 0x0000000100000000)
  region size 1024K, 5 young (5120K), 5 survivors (5120K)
 Metaspace       used 26965K, committed 27456K, reserved 1114112K
  class space    used 3356K, committed 3584K, reserved 1048576K
}
Event: 19.191 GC heap before
{Heap before GC invocations=6 (full 0):
 garbage-first heap   total 55296K, used 42734K [0x00000000c3000000, 0x0000000100000000)
  region size 1024K, 30 young (30720K), 5 survivors (5120K)
 Metaspace       used 30812K, committed 31296K, reserved 1114112K
  class space    used 3852K, committed 4032K, reserved 1048576K
}
Event: 19.213 GC heap after
{Heap after GC invocations=7 (full 0):
 garbage-first heap   total 55296K, used 20579K [0x00000000c3000000, 0x0000000100000000)
  region size 1024K, 3 young (3072K), 3 survivors (3072K)
 Metaspace       used 30812K, committed 31296K, reserved 1114112K
  class space    used 3852K, committed 4032K, reserved 1048576K
}
Event: 21.917 GC heap before
{Heap before GC invocations=7 (full 0):
 garbage-first heap   total 55296K, used 36963K [0x00000000c3000000, 0x0000000100000000)
  region size 1024K, 20 young (20480K), 3 survivors (3072K)
 Metaspace       used 35609K, committed 36160K, reserved 1114112K
  class space    used 4524K, committed 4800K, reserved 1048576K
}
Event: 21.924 GC heap after
{Heap after GC invocations=8 (full 0):
 garbage-first heap   total 55296K, used 20966K [0x00000000c3000000, 0x0000000100000000)
  region size 1024K, 3 young (3072K), 3 survivors (3072K)
 Metaspace       used 35609K, committed 36160K, reserved 1114112K
  class space    used 4524K, committed 4800K, reserved 1048576K
}

