# JRE version: Java(TM) SE Runtime Environment (21.0.7+8) (build 21.0.7+8-LTS-245)
# Java VM: Java HotSpot(TM) 64-Bit Server VM (21.0.7+8-LTS-245, mixed mode, sharing, tiered, compressed oops, compressed class ptrs, g1 gc, windows-amd64)
GC Precious Log:
 CardTable entry size: 512
 Card Set container configuration: InlinePtr #cards 5 size 8 Array Of Cards #cards 12 size 40 Howl #buckets 4 coarsen threshold 1843 Howl Bitmap #cards 512 size 80 coarsen threshold 460 Card regions per heap region 1 cards per card region 2048
 CPUs: 8 total, 8 available
 Memory: 3899M
 Large Page Support: Disabled
 NUMA Support: Disabled
 Compressed Oops: Enabled (32-bit)
 Heap Region Size: 1M
 Heap Min Capacity: 8M
 Heap Initial Capacity: 62M
 Heap Max Capacity: 976M
 Pre-touch: Disabled
 Parallel Workers: 8
 Concurrent Workers: 2
 Concurrent Refinement Workers: 8
 Periodic GC: Disabled
Heap:
 garbage-first heap   total 81920K, used 46560K [0x00000000c3000000, 0x0000000100000000)
  region size 1024K, 9 young (9216K), 4 survivors (4096K)
 Metaspace       used 86946K, committed 87744K, reserved 1179648K
  class space    used 11543K, committed 11904K, reserved 1048576K
GC Heap History (20 events):
Event: 33.561 GC heap before
{Heap before GC invocations=22 (full 0):
 garbage-first heap   total 66560K, used 48895K [0x00000000c3000000, 0x0000000100000000)
  region size 1024K, 15 young (15360K), 3 survivors (3072K)
 Metaspace       used 75412K, committed 76160K, reserved 1179648K
  class space    used 10359K, committed 10688K, reserved 1048576K
}
Event: 33.568 GC heap after
{Heap after GC invocations=23 (full 0):
 garbage-first heap   total 66560K, used 38243K [0x00000000c3000000, 0x0000000100000000)
  region size 1024K, 2 young (2048K), 2 survivors (2048K)
 Metaspace       used 75412K, committed 76160K, reserved 1179648K
  class space    used 10359K, committed 10688K, reserved 1048576K
}
Event: 35.113 GC heap before
{Heap before GC invocations=23 (full 0):
 garbage-first heap   total 66560K, used 57699K [0x00000000c3000000, 0x0000000100000000)
  region size 1024K, 22 young (22528K), 2 survivors (2048K)
 Metaspace       used 79554K, committed 80320K, reserved 1179648K
  class space    used 10844K, committed 11200K, reserved 1048576K
}
Event: 35.121 GC heap after
{Heap after GC invocations=24 (full 0):
 garbage-first heap   total 66560K, used 40109K [0x00000000c3000000, 0x0000000100000000)
  region size 1024K, 3 young (3072K), 3 survivors (3072K)
 Metaspace       used 79554K, committed 80320K, reserved 1179648K
  class space    used 10844K, committed 11200K, reserved 1048576K
}
Event: 42.978 GC heap before
{Heap before GC invocations=24 (full 0):
 garbage-first heap   total 66560K, used 57517K [0x00000000c3000000, 0x0000000100000000)
  region size 1024K, 21 young (21504K), 3 survivors (3072K)
 Metaspace       used 80493K, committed 81280K, reserved 1179648K
  class space    used 10930K, committed 11264K, reserved 1048576K
}
Event: 43.053 GC heap after
{Heap after GC invocations=25 (full 0):
 garbage-first heap   total 66560K, used 42871K [0x00000000c3000000, 0x0000000100000000)
  region size 1024K, 3 young (3072K), 3 survivors (3072K)
 Metaspace       used 80493K, committed 81280K, reserved 1179648K
  class space    used 10930K, committed 11264K, reserved 1048576K
}
Event: 54.244 GC heap before
{Heap before GC invocations=26 (full 0):
 garbage-first heap   total 75776K, used 56183K [0x00000000c3000000, 0x0000000100000000)
  region size 1024K, 17 young (17408K), 3 survivors (3072K)
 Metaspace       used 80559K, committed 81344K, reserved 1179648K
  class space    used 10932K, committed 11264K, reserved 1048576K
}
Event: 54.256 GC heap after
{Heap after GC invocations=27 (full 0):
 garbage-first heap   total 75776K, used 42703K [0x00000000c3000000, 0x0000000100000000)
  region size 1024K, 1 young (1024K), 1 survivors (1024K)
 Metaspace       used 80559K, committed 81344K, reserved 1179648K
  class space    used 10932K, committed 11264K, reserved 1048576K
}
Event: 74.882 GC heap before
{Heap before GC invocations=27 (full 0):
 garbage-first heap   total 75776K, used 66255K [0x00000000c3000000, 0x0000000100000000)
  region size 1024K, 25 young (25600K), 1 survivors (1024K)
 Metaspace       used 80724K, committed 81472K, reserved 1179648K
  class space    used 10944K, committed 11264K, reserved 1048576K
}
Event: 74.961 GC heap after
{Heap after GC invocations=28 (full 0):
 garbage-first heap   total 75776K, used 42302K [0x00000000c3000000, 0x0000000100000000)
  region size 1024K, 2 young (2048K), 2 survivors (2048K)
 Metaspace       used 80724K, committed 81472K, reserved 1179648K
  class space    used 10944K, committed 11264K, reserved 1048576K
}
Event: 82.927 GC heap before
{Heap before GC invocations=28 (full 0):
 garbage-first heap   total 75776K, used 65854K [0x00000000c3000000, 0x0000000100000000)
  region size 1024K, 26 young (26624K), 2 survivors (2048K)
 Metaspace       used 81672K, committed 82432K, reserved 1179648K
  class space    used 11021K, committed 11392K, reserved 1048576K
}
Event: 82.944 GC heap after
{Heap after GC invocations=29 (full 0):
 garbage-first heap   total 75776K, used 43248K [0x00000000c3000000, 0x0000000100000000)
  region size 1024K, 3 young (3072K), 3 survivors (3072K)
 Metaspace       used 81672K, committed 82432K, reserved 1179648K
  class space    used 11021K, committed 11392K, reserved 1048576K
}
Event: 98.901 GC heap before
{Heap before GC invocations=30 (full 0):
 garbage-first heap   total 81920K, used 66800K [0x00000000c3000000, 0x0000000100000000)
  region size 1024K, 26 young (26624K), 3 survivors (3072K)
 Metaspace       used 82444K, committed 83200K, reserved 1179648K
  class space    used 11111K, committed 11456K, reserved 1048576K
}
Event: 98.996 GC heap after
{Heap after GC invocations=31 (full 0):
 garbage-first heap   total 81920K, used 42443K [0x00000000c3000000, 0x0000000100000000)
  region size 1024K, 2 young (2048K), 2 survivors (2048K)
 Metaspace       used 82444K, committed 83200K, reserved 1179648K
  class space    used 11111K, committed 11456K, reserved 1048576K
}
Event: 123.246 GC heap before
{Heap before GC invocations=31 (full 0):
 garbage-first heap   total 81920K, used 72139K [0x00000000c3000000, 0x0000000100000000)
  region size 1024K, 32 young (32768K), 2 survivors (2048K)
 Metaspace       used 82781K, committed 83648K, reserved 1179648K
  class space    used 11140K, committed 11520K, reserved 1048576K
}
Event: 123.386 GC heap after
{Heap after GC invocations=32 (full 0):
 garbage-first heap   total 81920K, used 41466K [0x00000000c3000000, 0x0000000100000000)
  region size 1024K, 2 young (2048K), 2 survivors (2048K)
 Metaspace       used 82781K, committed 83648K, reserved 1179648K
  class space    used 11140K, committed 11520K, reserved 1048576K
}
Event: 145.370 GC heap before
{Heap before GC invocations=32 (full 0):
 garbage-first heap   total 81920K, used 72186K [0x00000000c3000000, 0x0000000100000000)
  region size 1024K, 33 young (33792K), 2 survivors (2048K)
 Metaspace       used 83003K, committed 83840K, reserved 1179648K
  class space    used 11143K, committed 11520K, reserved 1048576K
}
Event: 145.716 GC heap after
{Heap after GC invocations=33 (full 0):
 garbage-first heap   total 81920K, used 42303K [0x00000000c3000000, 0x0000000100000000)
  region size 1024K, 3 young (3072K), 3 survivors (3072K)
 Metaspace       used 83003K, committed 83840K, reserved 1179648K
  class space    used 11143K, committed 11520K, reserved 1048576K
}
Event: 158.077 GC heap before
{Heap before GC invocations=34 (full 0):
 garbage-first heap   total 81920K, used 69951K [0x00000000c3000000, 0x0000000100000000)
  region size 1024K, 31 young (31744K), 3 survivors (3072K)
 Metaspace       used 85633K, committed 86464K, reserved 1179648K
  class space    used 11417K, committed 11776K, reserved 1048576K
}
Event: 158.087 GC heap after
{Heap after GC invocations=35 (full 0):
 garbage-first heap   total 81920K, used 43488K [0x00000000c3000000, 0x0000000100000000)
  region size 1024K, 4 young (4096K), 4 survivors (4096K)
 Metaspace       used 85633K, committed 86464K, reserved 1179648K
  class space    used 11417K, committed 11776K, reserved 1048576K
}

