# JRE version: Java(TM) SE Runtime Environment (21.0.7+8) (build 21.0.7+8-LTS-245)
# Java VM: Java HotSpot(TM) 64-Bit Server VM (21.0.7+8-LTS-245, mixed mode, sharing, tiered, compressed oops, compressed class ptrs, g1 gc, windows-amd64)
GC Precious Log:
 CardTable entry size: 512
 Card Set container configuration: InlinePtr #cards 5 size 8 Array Of Cards #cards 12 size 40 Howl #buckets 4 coarsen threshold 1843 Howl Bitmap #cards 512 size 80 coarsen threshold 460 Card regions per heap region 1 cards per card region 2048
 CPUs: 8 total, 8 available
 Memory: 3899M
 Large Page Support: Disabled
 NUMA Support: Disabled
 Compressed Oops: Enabled (32-bit)
 Heap Region Size: 1M
 Heap Min Capacity: 8M
 Heap Initial Capacity: 62M
 Heap Max Capacity: 976M
 Pre-touch: Disabled
 Parallel Workers: 8
 Concurrent Workers: 2
 Concurrent Refinement Workers: 8
 Periodic GC: Disabled
Heap:
 garbage-first heap   total 55296K, used 47104K [0x00000000c3000000, 0x0000000100000000)
  region size 1024K, 35 young (35840K), 2 survivors (2048K)
 Metaspace       used 26799K, committed 27200K, reserved 1114112K
  class space    used 3319K, committed 3520K, reserved 1048576K
GC Heap History (8 events):
Event: 3.710 GC heap before
{Heap before GC invocations=0 (full 0):
 garbage-first heap   total 63488K, used 24576K [0x00000000c3000000, 0x0000000100000000)
  region size 1024K, 23 young (23552K), 0 survivors (0K)
 Metaspace       used 5127K, committed 5312K, reserved 1114112K
  class space    used 567K, committed 640K, reserved 1048576K
}
Event: 3.730 GC heap after
{Heap after GC invocations=1 (full 0):
 garbage-first heap   total 63488K, used 7717K [0x00000000c3000000, 0x0000000100000000)
  region size 1024K, 3 young (3072K), 3 survivors (3072K)
 Metaspace       used 5127K, committed 5312K, reserved 1114112K
  class space    used 567K, committed 640K, reserved 1048576K
}
Event: 8.940 GC heap before
{Heap before GC invocations=1 (full 0):
 garbage-first heap   total 63488K, used 33317K [0x00000000c3000000, 0x0000000100000000)
  region size 1024K, 29 young (29696K), 3 survivors (3072K)
 Metaspace       used 12365K, committed 12672K, reserved 1114112K
  class space    used 1476K, committed 1600K, reserved 1048576K
}
Event: 8.956 GC heap after
{Heap after GC invocations=2 (full 0):
 garbage-first heap   total 63488K, used 10353K [0x00000000c3000000, 0x0000000100000000)
  region size 1024K, 3 young (3072K), 3 survivors (3072K)
 Metaspace       used 12365K, committed 12672K, reserved 1114112K
  class space    used 1476K, committed 1600K, reserved 1048576K
}
Event: 11.545 GC heap before
{Heap before GC invocations=2 (full 0):
 garbage-first heap   total 63488K, used 41073K [0x00000000c3000000, 0x0000000100000000)
  region size 1024K, 34 young (34816K), 3 survivors (3072K)
 Metaspace       used 19150K, committed 19456K, reserved 1114112K
  class space    used 2302K, committed 2432K, reserved 1048576K
}
Event: 11.554 GC heap after
{Heap after GC invocations=3 (full 0):
 garbage-first heap   total 63488K, used 13584K [0x00000000c3000000, 0x0000000100000000)
  region size 1024K, 5 young (5120K), 5 survivors (5120K)
 Metaspace       used 19150K, committed 19456K, reserved 1114112K
  class space    used 2302K, committed 2432K, reserved 1048576K
}
Event: 13.772 GC heap before
{Heap before GC invocations=3 (full 0):
 garbage-first heap   total 63488K, used 35088K [0x00000000c3000000, 0x0000000100000000)
  region size 1024K, 27 young (27648K), 5 survivors (5120K)
 Metaspace       used 21210K, committed 21504K, reserved 1114112K
  class space    used 2544K, committed 2688K, reserved 1048576K
}
Event: 13.789 GC heap after
{Heap after GC invocations=4 (full 0):
 garbage-first heap   total 63488K, used 15360K [0x00000000c3000000, 0x0000000100000000)
  region size 1024K, 2 young (2048K), 2 survivors (2048K)
 Metaspace       used 21210K, committed 21504K, reserved 1114112K
  class space    used 2544K, committed 2688K, reserved 1048576K
}

