# JRE version: Java(TM) SE Runtime Environment (21.0.7+8) (build 21.0.7+8-LTS-245)
# Java VM: Java HotSpot(TM) 64-Bit Server VM (21.0.7+8-LTS-245, mixed mode, sharing, tiered, compressed oops, compressed class ptrs, g1 gc, windows-amd64)
GC Precious Log:
 CardTable entry size: 512
 Card Set container configuration: InlinePtr #cards 5 size 8 Array Of Cards #cards 12 size 40 Howl #buckets 4 coarsen threshold 1843 Howl Bitmap #cards 512 size 80 coarsen threshold 460 Card regions per heap region 1 cards per card region 2048
 CPUs: 8 total, 8 available
 Memory: 3899M
 Large Page Support: Disabled
 NUMA Support: Disabled
 Compressed Oops: Enabled (32-bit)
 Heap Region Size: 1M
 Heap Min Capacity: 8M
 Heap Initial Capacity: 62M
 Heap Max Capacity: 976M
 Pre-touch: Disabled
 Parallel Workers: 8
 Concurrent Workers: 2
 Concurrent Refinement Workers: 8
 Periodic GC: Disabled
Heap:
 garbage-first heap   total 78848K, used 63733K [0x00000000c3000000, 0x0000000100000000)
  region size 1024K, 2 young (2048K), 2 survivors (2048K)
 Metaspace       used 71604K, committed 72320K, reserved 1114112K
  class space    used 9758K, committed 10112K, reserved 1048576K
GC Heap History (20 events):
Event: 20.874 GC heap after
{Heap after GC invocations=14 (full 0):
 garbage-first heap   total 61440K, used 29775K [0x00000000c3000000, 0x0000000100000000)
  region size 1024K, 2 young (2048K), 2 survivors (2048K)
 Metaspace       used 57942K, committed 58624K, reserved 1114112K
  class space    used 7664K, committed 8000K, reserved 1048576K
}
Event: 23.286 GC heap before
{Heap before GC invocations=15 (full 0):
 garbage-first heap   total 61440K, used 54351K [0x00000000c3000000, 0x0000000100000000)
  region size 1024K, 27 young (27648K), 2 survivors (2048K)
 Metaspace       used 63599K, committed 64320K, reserved 1114112K
  class space    used 8410K, committed 8704K, reserved 1048576K
}
Event: 23.290 GC heap after
{Heap after GC invocations=16 (full 0):
 garbage-first heap   total 61440K, used 31920K [0x00000000c3000000, 0x0000000100000000)
  region size 1024K, 4 young (4096K), 4 survivors (4096K)
 Metaspace       used 63599K, committed 64320K, reserved 1114112K
  class space    used 8410K, committed 8704K, reserved 1048576K
}
Event: 24.167 GC heap before
{Heap before GC invocations=16 (full 0):
 garbage-first heap   total 61440K, used 52400K [0x00000000c3000000, 0x0000000100000000)
  region size 1024K, 25 young (25600K), 4 survivors (4096K)
 Metaspace       used 67468K, committed 68160K, reserved 1114112K
  class space    used 9104K, committed 9408K, reserved 1048576K
}
Event: 24.178 GC heap after
{Heap after GC invocations=17 (full 0):
 garbage-first heap   total 61440K, used 33718K [0x00000000c3000000, 0x0000000100000000)
  region size 1024K, 3 young (3072K), 3 survivors (3072K)
 Metaspace       used 67468K, committed 68160K, reserved 1114112K
  class space    used 9104K, committed 9408K, reserved 1048576K
}
Event: 24.919 GC heap before
{Heap before GC invocations=17 (full 0):
 garbage-first heap   total 61440K, used 53174K [0x00000000c3000000, 0x0000000100000000)
  region size 1024K, 23 young (23552K), 3 survivors (3072K)
 Metaspace       used 69218K, committed 69888K, reserved 1114112K
  class space    used 9469K, committed 9728K, reserved 1048576K
}
Event: 24.925 GC heap after
{Heap after GC invocations=18 (full 0):
 garbage-first heap   total 61440K, used 35198K [0x00000000c3000000, 0x0000000100000000)
  region size 1024K, 2 young (2048K), 2 survivors (2048K)
 Metaspace       used 69218K, committed 69888K, reserved 1114112K
  class space    used 9469K, committed 9728K, reserved 1048576K
}
Event: 25.694 GC heap before
{Heap before GC invocations=19 (full 0):
 garbage-first heap   total 71680K, used 53630K [0x00000000c3000000, 0x0000000100000000)
  region size 1024K, 21 young (21504K), 2 survivors (2048K)
 Metaspace       used 71033K, committed 71808K, reserved 1114112K
  class space    used 9696K, committed 10048K, reserved 1048576K
}
Event: 25.698 GC heap after
{Heap after GC invocations=20 (full 0):
 garbage-first heap   total 71680K, used 35727K [0x00000000c3000000, 0x0000000100000000)
  region size 1024K, 2 young (2048K), 2 survivors (2048K)
 Metaspace       used 71033K, committed 71808K, reserved 1114112K
  class space    used 9696K, committed 10048K, reserved 1048576K
}
Event: 26.061 GC heap before
{Heap before GC invocations=20 (full 0):
 garbage-first heap   total 71680K, used 65423K [0x00000000c3000000, 0x0000000100000000)
  region size 1024K, 31 young (31744K), 2 survivors (2048K)
 Metaspace       used 71320K, committed 72000K, reserved 1114112K
  class space    used 9725K, committed 10048K, reserved 1048576K
}
Event: 26.071 GC heap after
{Heap after GC invocations=21 (full 0):
 garbage-first heap   total 72704K, used 39235K [0x00000000c3000000, 0x0000000100000000)
  region size 1024K, 4 young (4096K), 4 survivors (4096K)
 Metaspace       used 71320K, committed 72000K, reserved 1114112K
  class space    used 9725K, committed 10048K, reserved 1048576K
}
Event: 26.245 GC heap before
{Heap before GC invocations=21 (full 0):
 garbage-first heap   total 72704K, used 62787K [0x00000000c3000000, 0x0000000100000000)
  region size 1024K, 27 young (27648K), 4 survivors (4096K)
 Metaspace       used 71331K, committed 72000K, reserved 1114112K
  class space    used 9725K, committed 10048K, reserved 1048576K
}
Event: 26.256 GC heap after
{Heap after GC invocations=22 (full 0):
 garbage-first heap   total 72704K, used 41729K [0x00000000c3000000, 0x0000000100000000)
  region size 1024K, 3 young (3072K), 3 survivors (3072K)
 Metaspace       used 71331K, committed 72000K, reserved 1114112K
  class space    used 9725K, committed 10048K, reserved 1048576K
}
Event: 26.806 GC heap before
{Heap before GC invocations=23 (full 0):
 garbage-first heap   total 78848K, used 63233K [0x00000000c3000000, 0x0000000100000000)
  region size 1024K, 24 young (24576K), 3 survivors (3072K)
 Metaspace       used 71593K, committed 72320K, reserved 1114112K
  class space    used 9758K, committed 10112K, reserved 1048576K
}
Event: 26.817 GC heap after
{Heap after GC invocations=24 (full 0):
 garbage-first heap   total 78848K, used 47861K [0x00000000c3000000, 0x0000000100000000)
  region size 1024K, 3 young (3072K), 3 survivors (3072K)
 Metaspace       used 71593K, committed 72320K, reserved 1114112K
  class space    used 9758K, committed 10112K, reserved 1048576K
}
Event: 27.032 GC heap before
{Heap before GC invocations=24 (full 0):
 garbage-first heap   total 78848K, used 68341K [0x00000000c3000000, 0x0000000100000000)
  region size 1024K, 23 young (23552K), 3 survivors (3072K)
 Metaspace       used 71604K, committed 72320K, reserved 1114112K
  class space    used 9758K, committed 10112K, reserved 1048576K
}
Event: 27.044 GC heap after
{Heap after GC invocations=25 (full 0):
 garbage-first heap   total 78848K, used 52900K [0x00000000c3000000, 0x0000000100000000)
  region size 1024K, 3 young (3072K), 3 survivors (3072K)
 Metaspace       used 71604K, committed 72320K, reserved 1114112K
  class space    used 9758K, committed 10112K, reserved 1048576K
}
Event: 27.133 GC heap before
{Heap before GC invocations=25 (full 0):
 garbage-first heap   total 78848K, used 68260K [0x00000000c3000000, 0x0000000100000000)
  region size 1024K, 18 young (18432K), 3 survivors (3072K)
 Metaspace       used 71604K, committed 72320K, reserved 1114112K
  class space    used 9758K, committed 10112K, reserved 1048576K
}
Event: 27.142 GC heap after
{Heap after GC invocations=26 (full 0):
 garbage-first heap   total 78848K, used 58235K [0x00000000c3000000, 0x0000000100000000)
  region size 1024K, 3 young (3072K), 3 survivors (3072K)
 Metaspace       used 71604K, committed 72320K, reserved 1114112K
  class space    used 9758K, committed 10112K, reserved 1048576K
}
Event: 27.235 GC heap before
{Heap before GC invocations=26 (full 0):
 garbage-first heap   total 78848K, used 69499K [0x00000000c3000000, 0x0000000100000000)
  region size 1024K, 14 young (14336K), 3 survivors (3072K)
 Metaspace       used 71604K, committed 72320K, reserved 1114112K
  class space    used 9758K, committed 10112K, reserved 1048576K
}

